{
  "stats": {
    "suites": 1,
    "tests": 1,
    "passes": 1,
    "pending": 0,
    "failures": 0,
    "start": "2024-05-11T13:43:26.515Z",
    "end": "2024-05-11T13:44:15.716Z",
    "duration": 49201,
    "testsRegistered": 1,
    "passPercent": 100,
    "pendingPercent": 0,
    "other": 0,
    "hasOther": false,
    "skipped": 0,
    "hasSkipped": false
  },
  "results": [
    {
      "uuid": "ad7bfa6f-09aa-42e2-8658-4459ac458efb",
      "title": "",
      "fullFile": "/Users/abmaelrodrigo/Desktop/lumastore-selenium/tests/verify.luma.store.spec.js",
      "file": "/tests/verify.luma.store.spec.js",
      "beforeHooks": [],
      "afterHooks": [],
      "tests": [],
      "suites": [
        {
          "uuid": "85c2e1d6-457a-4c7e-be79-318c756bd293",
          "title": "Verify search, add product, create user and login test cases",
          "fullFile": "/Users/abmaelrodrigo/Desktop/lumastore-selenium/tests/verify.luma.store.spec.js",
          "file": "/tests/verify.luma.store.spec.js",
          "beforeHooks": [
            {
              "title": "\"before each\" hook in \"Verify search, add product, create user and login test cases\"",
              "fullTitle": "Verify search, add product, create user and login test cases \"before each\" hook in \"Verify search, add product, create user and login test cases\"",
              "timedOut": false,
              "duration": 30188,
              "state": null,
              "speed": null,
              "pass": false,
              "fail": false,
              "pending": false,
              "context": null,
              "code": "driver = await new Builder().forBrowser(\"chrome\").build();\nawait driver.get('https://ecommerce-playground.lambdatest.io/index.php?route=common/home');",
              "err": {},
              "uuid": "8c2b3613-63b9-405e-a227-d3a4af6e7664",
              "parentUUID": "85c2e1d6-457a-4c7e-be79-318c756bd293",
              "isHook": true,
              "skipped": false
            }
          ],
          "afterHooks": [
            {
              "title": "\"after each\" hook in \"Verify search, add product, create user and login test cases\"",
              "fullTitle": "Verify search, add product, create user and login test cases \"after each\" hook in \"Verify search, add product, create user and login test cases\"",
              "timedOut": false,
              "duration": 76,
              "state": null,
              "speed": null,
              "pass": false,
              "fail": false,
              "pending": false,
              "context": null,
              "code": "if (driver) {\n  await driver.quit();\n}",
              "err": {},
              "uuid": "6ec3c56f-4e1b-4f16-a70e-31166d2699a0",
              "parentUUID": "85c2e1d6-457a-4c7e-be79-318c756bd293",
              "isHook": true,
              "skipped": false
            }
          ],
          "tests": [
            {
              "title": "Verify user can not login in with invalid credentials",
              "fullTitle": "Verify search, add product, create user and login test cases Verify user can not login in with invalid credentials",
              "timedOut": false,
              "duration": 18917,
              "state": "passed",
              "speed": "slow",
              "pass": true,
              "fail": false,
              "pending": false,
              "context": null,
              "code": "const homepage = new HomePage(driver);\n    const loginpage = new LoginPage(driver);\n  \n    // go to login page\n    await homepage.goToLoginPage();\n    // Assert new user is on login page\n    //await loginpage.verifyUserIsOnLoginPage();\n    await loginpage.enterUserCredentials();\n    await loginpage.verifyUserIsNotLogedIn();",
              "err": {},
              "uuid": "b23fdb92-eec4-4145-988e-6b91abdf851e",
              "parentUUID": "85c2e1d6-457a-4c7e-be79-318c756bd293",
              "isHook": false,
              "skipped": false
            }
          ],
          "suites": [],
          "passes": [
            "b23fdb92-eec4-4145-988e-6b91abdf851e"
          ],
          "failures": [],
          "pending": [],
          "skipped": [],
          "duration": 18917,
          "root": false,
          "rootEmpty": false,
          "_timeout": 60000
        }
      ],
      "passes": [],
      "failures": [],
      "pending": [],
      "skipped": [],
      "duration": 0,
      "root": true,
      "rootEmpty": true,
      "_timeout": 10000
    }
  ],
  "meta": {
    "mocha": {
      "version": "10.4.0"
    },
    "mochawesome": {
      "options": {
        "quiet": false,
        "reportFilename": "mochawesome",
        "saveHtml": true,
        "saveJson": true,
        "consoleReporter": "spec",
        "useInlineDiffs": false,
        "code": true
      },
      "version": "7.1.3"
    },
    "marge": {
      "options": null,
      "version": "6.2.0"
    }
  }
}