{
  "stats": {
    "suites": 1,
    "tests": 4,
    "passes": 4,
    "pending": 0,
    "failures": 0,
    "start": "2024-05-11T18:22:59.667Z",
    "end": "2024-05-11T18:26:23.732Z",
    "duration": 204065,
    "testsRegistered": 4,
    "passPercent": 100,
    "pendingPercent": 0,
    "other": 0,
    "hasOther": false,
    "skipped": 0,
    "hasSkipped": false
  },
  "results": [
    {
      "uuid": "2ecbb68b-16aa-469f-836d-906edf99aaaf",
      "title": "",
      "fullFile": "/Users/abmaelrodrigo/Desktop/lumastore-selenium/tests/verify.playground.store.spec.js",
      "file": "/tests/verify.playground.store.spec.js",
      "beforeHooks": [],
      "afterHooks": [],
      "tests": [],
      "suites": [
        {
          "uuid": "d849525a-becb-462a-ab4c-16a4ee4aa1f7",
          "title": "Verify search, add product, create user and login test cases",
          "fullFile": "/Users/abmaelrodrigo/Desktop/lumastore-selenium/tests/verify.playground.store.spec.js",
          "file": "/tests/verify.playground.store.spec.js",
          "beforeHooks": [
            {
              "title": "\"before each\" hook in \"Verify search, add product, create user and login test cases\"",
              "fullTitle": "Verify search, add product, create user and login test cases \"before each\" hook in \"Verify search, add product, create user and login test cases\"",
              "timedOut": false,
              "duration": 26542,
              "state": null,
              "speed": null,
              "pass": false,
              "fail": false,
              "pending": false,
              "context": null,
              "code": "driver = await new Builder().forBrowser(\"chrome\").build();\nawait driver.get('https://ecommerce-playground.lambdatest.io/index.php?route=common/home');",
              "err": {},
              "uuid": "762035e6-4aac-4b58-9635-5cb2969a3a1a",
              "parentUUID": "d849525a-becb-462a-ab4c-16a4ee4aa1f7",
              "isHook": true,
              "skipped": false
            }
          ],
          "afterHooks": [
            {
              "title": "\"after each\" hook in \"Verify search, add product, create user and login test cases\"",
              "fullTitle": "Verify search, add product, create user and login test cases \"after each\" hook in \"Verify search, add product, create user and login test cases\"",
              "timedOut": false,
              "duration": 61,
              "state": null,
              "speed": null,
              "pass": false,
              "fail": false,
              "pending": false,
              "context": null,
              "code": "if (driver) {\n  await driver.quit();\n}",
              "err": {},
              "uuid": "ad1e6282-ab8e-4337-88b7-e829abab77a2",
              "parentUUID": "d849525a-becb-462a-ab4c-16a4ee4aa1f7",
              "isHook": true,
              "skipped": false
            }
          ],
          "tests": [
            {
              "title": "Verify the searching functionaly",
              "fullTitle": "Verify search, add product, create user and login test cases Verify the searching functionaly",
              "timedOut": false,
              "duration": 19841,
              "state": "passed",
              "speed": "slow",
              "pass": true,
              "fail": false,
              "pending": false,
              "context": null,
              "code": "const homepage = new HomePage(driver);\n    const resultspage = new ResultsPage(driver);\n    // Search for a term\n    await homepage.searchForATerm(searchItems[0]);\n    // Assertions to know user is on Results Page\n    await resultspage.verifyPageTitle(searchItems[0]);",
              "err": {},
              "uuid": "c24be6e7-018b-420d-89fa-3b2e1b6d7aa2",
              "parentUUID": "d849525a-becb-462a-ab4c-16a4ee4aa1f7",
              "isHook": false,
              "skipped": false
            },
            {
              "title": "Verify user can add a product to cart",
              "fullTitle": "Verify search, add product, create user and login test cases Verify user can add a product to cart",
              "timedOut": false,
              "duration": 29036,
              "state": "passed",
              "speed": "slow",
              "pass": true,
              "fail": false,
              "pending": false,
              "context": null,
              "code": "const homepage = new HomePage(driver);\n    const resultspage = new ResultsPage(driver);\n    const pdp = new ProductDetailsPage(driver);\n    // Search for a term\n    await homepage.searchForATerm(searchItems[1]);\n    // Assertions to know user is on Results Page\n    await resultspage.verifyPageTitle(searchItems[1]);\n    // Click on the first product \n    await resultspage.goToPDP();\n    // Assertion to know user is on Product Details Page\n    await pdp.verifyPageTitle(searchItems[1]);\n    // Add product to cart\n    await pdp.addProdToCart();\n    // Assertion to now if product was added\n    await pdp.verifyProductWasAdded();",
              "err": {},
              "uuid": "12e700b2-7a3d-4e6e-ae2d-40f68a98b9d1",
              "parentUUID": "d849525a-becb-462a-ab4c-16a4ee4aa1f7",
              "isHook": false,
              "skipped": false
            },
            {
              "title": "Verify user can create an account",
              "fullTitle": "Verify search, add product, create user and login test cases Verify user can create an account",
              "timedOut": false,
              "duration": 20546,
              "state": "passed",
              "speed": "slow",
              "pass": true,
              "fail": false,
              "pending": false,
              "context": null,
              "code": "const homepage = new HomePage(driver);\n    const createaccount = new CreateAccountPage(driver);\n    const myaccount = new MyAccountPage(driver);\n    // Create a new user\n    await homepage.goToCreateAccount();\n    await createaccount.creatAnAccount();\n    // Assert new user is created\n    await myaccount.verifyPageTitle();",
              "err": {},
              "uuid": "11efe105-e3be-42e6-9e72-6e0a6f4ac2ed",
              "parentUUID": "d849525a-becb-462a-ab4c-16a4ee4aa1f7",
              "isHook": false,
              "skipped": false
            },
            {
              "title": "Verify user can not login in with invalid credentials",
              "fullTitle": "Verify search, add product, create user and login test cases Verify user can not login in with invalid credentials",
              "timedOut": false,
              "duration": 15537,
              "state": "passed",
              "speed": "slow",
              "pass": true,
              "fail": false,
              "pending": false,
              "context": null,
              "code": "const homepage = new HomePage(driver);\n    const loginpage = new LoginPage(driver);\n  \n    // go to login page\n    await homepage.goToLoginPage();\n    // Assert new user is on login page\n    await loginpage.verifyUserIsOnLoginPage();\n    // Enter invalid credentials, and click on the login button\n    await loginpage.enterUserCredentials();\n    // Assert user cannot login with invalid credetials\n    await loginpage.verifyUserIsNotLogedIn();",
              "err": {},
              "uuid": "cea038bf-9024-40b5-bfa6-08e713abe0a4",
              "parentUUID": "d849525a-becb-462a-ab4c-16a4ee4aa1f7",
              "isHook": false,
              "skipped": false
            }
          ],
          "suites": [],
          "passes": [
            "c24be6e7-018b-420d-89fa-3b2e1b6d7aa2",
            "12e700b2-7a3d-4e6e-ae2d-40f68a98b9d1",
            "11efe105-e3be-42e6-9e72-6e0a6f4ac2ed",
            "cea038bf-9024-40b5-bfa6-08e713abe0a4"
          ],
          "failures": [],
          "pending": [],
          "skipped": [],
          "duration": 84960,
          "root": false,
          "rootEmpty": false,
          "_timeout": 60000
        }
      ],
      "passes": [],
      "failures": [],
      "pending": [],
      "skipped": [],
      "duration": 0,
      "root": true,
      "rootEmpty": true,
      "_timeout": 10000
    }
  ],
  "meta": {
    "mocha": {
      "version": "10.4.0"
    },
    "mochawesome": {
      "options": {
        "quiet": false,
        "reportFilename": "mochawesome",
        "saveHtml": true,
        "saveJson": true,
        "consoleReporter": "spec",
        "useInlineDiffs": false,
        "code": true
      },
      "version": "7.1.3"
    },
    "marge": {
      "options": null,
      "version": "6.2.0"
    }
  }
}