{
  "stats": {
    "suites": 1,
    "tests": 1,
    "passes": 1,
    "pending": 0,
    "failures": 0,
    "start": "2024-05-10T23:10:22.774Z",
    "end": "2024-05-10T23:11:06.938Z",
    "duration": 44164,
    "testsRegistered": 1,
    "passPercent": 100,
    "pendingPercent": 0,
    "other": 0,
    "hasOther": false,
    "skipped": 0,
    "hasSkipped": false
  },
  "results": [
    {
      "uuid": "35ad503c-71c7-445b-b838-6cda334f991c",
      "title": "",
      "fullFile": "/Users/abmaelrodrigo/Desktop/lumastore-selenium/tests/verify.luma.store.spec.js",
      "file": "/tests/verify.luma.store.spec.js",
      "beforeHooks": [],
      "afterHooks": [],
      "tests": [],
      "suites": [
        {
          "uuid": "f44f49c2-85a7-4ef7-a309-ab8c255760e7",
          "title": "Verify search, add product and create user test cases",
          "fullFile": "/Users/abmaelrodrigo/Desktop/lumastore-selenium/tests/verify.luma.store.spec.js",
          "file": "/tests/verify.luma.store.spec.js",
          "beforeHooks": [
            {
              "title": "\"before all\" hook in \"Verify search, add product and create user test cases\"",
              "fullTitle": "Verify search, add product and create user test cases \"before all\" hook in \"Verify search, add product and create user test cases\"",
              "timedOut": false,
              "duration": 27192,
              "state": null,
              "speed": null,
              "pass": false,
              "fail": false,
              "pending": false,
              "context": null,
              "code": "driver = await new Builder().forBrowser(\"chrome\").build();\nawait driver.get('https://ecommerce-playground.lambdatest.io/index.php?route=common/home');",
              "err": {},
              "uuid": "579e0e3f-6227-41b4-832f-015efeafe014",
              "parentUUID": "f44f49c2-85a7-4ef7-a309-ab8c255760e7",
              "isHook": true,
              "skipped": false
            }
          ],
          "afterHooks": [
            {
              "title": "\"after all\" hook in \"Verify search, add product and create user test cases\"",
              "fullTitle": "Verify search, add product and create user test cases \"after all\" hook in \"Verify search, add product and create user test cases\"",
              "timedOut": false,
              "duration": 79,
              "state": null,
              "speed": null,
              "pass": false,
              "fail": false,
              "pending": false,
              "context": null,
              "code": "if (driver) {\n  await driver.quit();\n}",
              "err": {},
              "uuid": "fbe45961-e54a-4ce4-a527-3429b7705f93",
              "parentUUID": "f44f49c2-85a7-4ef7-a309-ab8c255760e7",
              "isHook": true,
              "skipped": false
            }
          ],
          "tests": [
            {
              "title": "Verify the searching functionaly",
              "fullTitle": "Verify search, add product and create user test cases Verify the searching functionaly",
              "timedOut": false,
              "duration": 16863,
              "state": "passed",
              "speed": "slow",
              "pass": true,
              "fail": false,
              "pending": false,
              "context": null,
              "code": "const homepage = new HomePage(driver);\nconst resultspage = new ResultsPage(driver);\n// Search for a term\nawait homepage.searchForATerm(searchItems[0]);\n// Assertions to know user is on Results Page\nawait resultspage.verifyPageTitle(searchItems[0]);\n//await resultspage.verifyProductGrid();",
              "err": {},
              "uuid": "1b8cecfa-4301-43a9-aac7-65acc047ae4a",
              "parentUUID": "f44f49c2-85a7-4ef7-a309-ab8c255760e7",
              "isHook": false,
              "skipped": false
            }
          ],
          "suites": [],
          "passes": [
            "1b8cecfa-4301-43a9-aac7-65acc047ae4a"
          ],
          "failures": [],
          "pending": [],
          "skipped": [],
          "duration": 16863,
          "root": false,
          "rootEmpty": false,
          "_timeout": 60000
        }
      ],
      "passes": [],
      "failures": [],
      "pending": [],
      "skipped": [],
      "duration": 0,
      "root": true,
      "rootEmpty": true,
      "_timeout": 10000
    }
  ],
  "meta": {
    "mocha": {
      "version": "10.4.0"
    },
    "mochawesome": {
      "options": {
        "quiet": false,
        "reportFilename": "mochawesome",
        "saveHtml": true,
        "saveJson": true,
        "consoleReporter": "spec",
        "useInlineDiffs": false,
        "code": true
      },
      "version": "7.1.3"
    },
    "marge": {
      "options": null,
      "version": "6.2.0"
    }
  }
}